<?xml version="1.0" encoding="UTF-8"?>
<!-- Generated by org.testng.reporters.JUnitReportReporter -->
<testsuite hostname="010223HP840G548" failures="0" tests="1" name="Scripts.DriverScript" time="323.467" errors="0" timestamp="18 Apr 2023 07:30:47 GMT">
  <testcase classname="Scripts.DriverScript" name="main" time="323.467"/>
</testsuite> <!-- Scripts.DriverScript -->
